2023-08-28 16:28:14 - [31merror[39m: Config file does not exist at any parent directory of 
2023-08-28 16:28:14 - [31merror[39m: Error: Config file does not exist at any parent directory of: /home/toledodiaz/Escritorio/Selenium/my-app
    at new BrowserStackSetup (/home/toledodiaz/Escritorio/Selenium/my-app/node_modules/browserstack-node-sdk/src/helpers/BrowserStackSetup.js:1:5946)
    at run (/home/toledodiaz/Escritorio/Selenium/my-app/node_modules/browserstack-node-sdk/src/bin/mocha/command.js:2:29902)
    at Object.RYvFg (/home/toledodiaz/Escritorio/Selenium/my-app/node_modules/browserstack-node-sdk/src/bin/runner.js:2:1025)
    at captureError (/home/toledodiaz/Escritorio/Selenium/my-app/node_modules/browserstack-node-sdk/src/bin/runner.js:2:2384)
    at Object.uOekO (/home/toledodiaz/Escritorio/Selenium/my-app/node_modules/browserstack-node-sdk/src/bin/runner.js:2:7163)
    at _0x1b96e8.<computed> [as handler] (/home/toledodiaz/Escritorio/Selenium/my-app/node_modules/browserstack-node-sdk/src/bin/runner.js:2:8207)
    at /home/toledodiaz/Escritorio/Selenium/my-app/node_modules/mocha/node_modules/yargs/build/index.cjs:443:71
    at process.processTicksAndRejections (node:internal/process/task_queues:95:5)
2023-08-28 16:28:41 - [32minfo[39m: Reading configs from /home/toledodiaz/Escritorio/Selenium/my-app/browserstack.yml
2023-08-28 16:28:44 - [32minfo[39m: Local binary started successfully
2023-08-28 16:28:46 - [32minfo[39m: Running your mocha tests across 3 platforms
2023-08-28 16:28:46 - [32minfo[39m: Now, showing logs from mocha
2023-08-28 16:28:47 - [32minfo[39m: Configuring to run tests on BrowserStack
2023-08-28 16:28:47 - [32minfo[39m: Configuring to run tests on BrowserStack
2023-08-28 16:28:47 - [32minfo[39m: Configuring to run tests on BrowserStack
2023-08-28 16:30:29 - [32minfo[39m: View build on BrowserStack dashboard: https://automate.browserstack.com/dashboard/v2/builds/a470a74f099f513feac6115e92d0af3ac0d4c0b3
2023-08-28 16:30:29 - [32minfo[39m: Visit https://observability.browserstack.com/builds/6uuxwuwwlgutrjpnfbwu7logchy19ie2sklzbmjp to view build report, insights, and many more debugging information all at one place!

2023-08-28 16:30:32 - [32minfo[39m: Local binary stopped
